0 info it worked if it ends with ok
1 verbose cli [
1 verbose cli   'C:\\Program Files\\nodejs\\node.exe',
1 verbose cli   'C:\\Program Files\\nodejs\\node_modules\\npm\\bin\\npm-cli.js',
1 verbose cli   'run',
1 verbose cli   'android',
1 verbose cli   '--no-cache'
1 verbose cli ]
2 info using npm@6.14.6
3 info using node@v12.18.3
4 verbose run-script [ 'preandroid', 'android', 'postandroid' ]
5 info lifecycle appoPreview@0.0.2~preandroid: appoPreview@0.0.2
6 info lifecycle appoPreview@0.0.2~android: appoPreview@0.0.2
7 verbose lifecycle appoPreview@0.0.2~android: unsafe-perm in lifecycle true
8 verbose lifecycle appoPreview@0.0.2~android: PATH: C:\Program Files\nodejs\node_modules\npm\node_modules\npm-lifecycle\node-gyp-bin;C:\Users\karth\OneDrive\Documents\projects\tn-election\node_modules\.bin;C:\Program Files\Common Files\Oracle\Java\javapath;C:\Program Files (x86)\Common Files\Oracle\Java\javapath;C:\Program Files\ImageMagick-7.0.10-Q16-HDRI;C:\Windows\system32;C:\Windows;C:\Windows\System32\Wbem;C:\Windows\System32\WindowsPowerShell\v1.0\;C:\Windows\System32\OpenSSH\;C:\Program Files\nodejs\;C:\Program Files\Git\cmd;C:\Program Files\Java\jre1.8.0_271\bin;C:\Program Files (x86)\Symantec\VIP Access Client\;C:\Users\karth\AppData\Local\Programs\Python\Python39\Scripts\;C:\Users\karth\AppData\Local\Programs\Python\Python39\;C:\Users\karth\AppData\Local\Microsoft\WindowsApps;C:\Users\karth\AppData\Local\Programs\Microsoft VS Code\bin;C:\Users\karth\AppData\Roaming\npm;C:\Program Files\heroku\bin;C:\data\software;C:\Users\karth\AppData\Local\Android\Sdk\platform-tools;C:\Program Files\ImageMagick-7.0.10-Q16-HDRI;
9 verbose lifecycle appoPreview@0.0.2~android: CWD: C:\Users\karth\OneDrive\Documents\projects\tn-election
10 silly lifecycle appoPreview@0.0.2~android: Args: [ '/d /s /c', 'react-native run-android' ]
11 silly lifecycle appoPreview@0.0.2~android: Returned: code: 1  signal: null
12 info lifecycle appoPreview@0.0.2~android: Failed to exec android script
13 verbose stack Error: appoPreview@0.0.2 android: `react-native run-android`
13 verbose stack Exit status 1
13 verbose stack     at EventEmitter.<anonymous> (C:\Program Files\nodejs\node_modules\npm\node_modules\npm-lifecycle\index.js:332:16)
13 verbose stack     at EventEmitter.emit (events.js:315:20)
13 verbose stack     at ChildProcess.<anonymous> (C:\Program Files\nodejs\node_modules\npm\node_modules\npm-lifecycle\lib\spawn.js:55:14)
13 verbose stack     at ChildProcess.emit (events.js:315:20)
13 verbose stack     at maybeClose (internal/child_process.js:1021:16)
13 verbose stack     at Process.ChildProcess._handle.onexit (internal/child_process.js:286:5)
14 verbose pkgid appoPreview@0.0.2
15 verbose cwd C:\Users\karth\OneDrive\Documents\projects\tn-election
16 verbose Windows_NT 10.0.19041
17 verbose argv "C:\\Program Files\\nodejs\\node.exe" "C:\\Program Files\\nodejs\\node_modules\\npm\\bin\\npm-cli.js" "run" "android" "--no-cache"
18 verbose node v12.18.3
19 verbose npm  v6.14.6
20 error code ELIFECYCLE
21 error errno 1
22 error appoPreview@0.0.2 android: `react-native run-android`
22 error Exit status 1
23 error Failed at the appoPreview@0.0.2 android script.
23 error This is probably not a problem with npm. There is likely additional logging output above.
24 verbose exit [ 1, true ]
